[0.000000] (-) TimerEvent: {}
[0.000595] (robot_dd) JobQueued: {'identifier': 'robot_dd', 'dependencies': OrderedDict()}
[0.001055] (robot_dd) JobStarted: {'identifier': 'robot_dd'}
[0.022884] (robot_dd) JobProgress: {'identifier': 'robot_dd', 'progress': 'cmake'}
[0.023631] (robot_dd) JobProgress: {'identifier': 'robot_dd', 'progress': 'build'}
[0.026255] (robot_dd) Command: {'cmd': ['/usr/bin/cmake', '--build', '/root/ws/src/build/robot_dd', '--', '-j4', '-l4'], 'cwd': '/root/ws/src/build/robot_dd', 'env': OrderedDict([('VSCODE_CWD', '/vscode/vscode-server/bin/linux-x64/89de5a8d4d6205e5b11647eb6a74844ca23d2573'), ('VSCODE_NLS_CONFIG', '{"locale":"en","osLocale":"en","availableLanguages":{}}'), ('VSCODE_HANDLES_UNCAUGHT_ERRORS', 'true'), ('HOSTNAME', 'localhost.localdomain'), ('GIT_ASKPASS', '/vscode/vscode-server/bin/linux-x64/89de5a8d4d6205e5b11647eb6a74844ca23d2573/extensions/git/dist/askpass.sh'), ('SHLVL', '1'), ('LD_LIBRARY_PATH', '/usr/lib/x86_64-linux-gnu/gazebo-11/plugins:/opt/ros/humble/opt/rviz_ogre_vendor/lib:/opt/ros/humble/lib/x86_64-linux-gnu:/opt/ros/humble/lib:/usr/share/gazebo/../../lib/x86_64-linux-gnu/gazebo-11/plugins:'), ('BROWSER', '/vscode/vscode-server/bin/linux-x64/89de5a8d4d6205e5b11647eb6a74844ca23d2573/bin/helpers/browser.sh'), ('HOME', '/root'), ('TERM_PROGRAM_VERSION', '1.90.0'), ('VSCODE_IPC_HOOK_CLI', '/tmp/vscode-ipc-0aaaf996-eb16-4860-ad08-fbac9d8e5485.sock'), ('GAZEBO_MASTER_URI', 'http://localhost:11345'), ('APPLICATION_INSIGHTS_NO_DIAGNOSTIC_CHANNEL', '1'), ('ROS_PYTHON_VERSION', '3'), ('VSCODE_GIT_ASKPASS_MAIN', '/vscode/vscode-server/bin/linux-x64/89de5a8d4d6205e5b11647eb6a74844ca23d2573/extensions/git/dist/askpass-main.js'), ('VSCODE_GIT_ASKPASS_NODE', '/vscode/vscode-server/bin/linux-x64/89de5a8d4d6205e5b11647eb6a74844ca23d2573/node'), ('COLORTERM', 'truecolor'), ('REMOTE_CONTAINERS', 'true'), ('VSCODE_L10N_BUNDLE_LOCATION', ''), ('COLCON_PREFIX_PATH', '/root/ws/install'), ('ROS_DISTRO', 'humble'), ('REMOTE_CONTAINERS_IPC', '/tmp/vscode-remote-containers-ipc-55292cd8-b61d-412e-8a72-b5d18faea2ae.sock'), ('_', '/usr/bin/colcon'), ('VSCODE_HANDLES_SIGPIPE', 'true'), ('ROS_VERSION', '2'), ('TERM', 'xterm-256color'), ('GAZEBO_MODEL_PATH', '/usr/share/gazebo/../../share/gazebo-11/models:'), ('ROS_LOCALHOST_ONLY', '1'), ('OGRE_RESOURCE_PATH', '/usr/lib/x86_64-linux-gnu/OGRE-1.9.0'), ('PATH', '/vscode/vscode-server/bin/linux-x64/89de5a8d4d6205e5b11647eb6a74844ca23d2573/bin/remote-cli:/opt/venv/bin:/opt/ros/humble/bin:/usr/local/sbin:/usr/local/bin:/usr/sbin:/usr/bin:/sbin:/bin'), ('VSCODE_AMD_ENTRYPOINT', 'vs/workbench/api/node/extensionHostProcess'), ('VSCODE_AGENT_FOLDER', '/root/.vscode-server'), ('REMOTE_CONTAINERS_SOCKETS', '["/tmp/vscode-ssh-auth-55292cd8-b61d-412e-8a72-b5d18faea2ae.sock","/tmp/.X11-unix/X4","/root/.gnupg/S.gpg-agent"]'), ('DISPLAY', ':0'), ('LANG', 'C.UTF-8'), ('XAUTHORITY', '/root/.XAuthority'), ('LS_COLORS', ''), ('VSCODE_GIT_IPC_HANDLE', '/tmp/vscode-git-ade4700a78.sock'), ('TERM_PROGRAM', 'vscode'), ('SSH_AUTH_SOCK', '/tmp/vscode-ssh-auth-55292cd8-b61d-412e-8a72-b5d18faea2ae.sock'), ('ROS_DOMAIN_ID', '3'), ('AMENT_PREFIX_PATH', '/root/ws/install/robot_dd:/opt/ros/humble'), ('REMOTE_CONTAINERS_DISPLAY_SOCK', '/tmp/.X11-unix/X4'), ('SHELL', '/bin/bash'), ('ELECTRON_RUN_AS_NODE', '1'), ('GAZEBO_RESOURCE_PATH', '/usr/share/gazebo/../../share/gazebo-11:'), ('GAZEBO_MODEL_DATABASE_URI', 'http://models.gazebosim.org'), ('VSCODE_GIT_ASKPASS_EXTRA_ARGS', ''), ('PWD', '/root/ws/src/build/robot_dd'), ('LC_ALL', 'C.UTF-8'), ('GAZEBO_PLUGIN_PATH', '/usr/share/gazebo/../../lib/x86_64-linux-gnu/gazebo-11/plugins:'), ('PYTHONPATH', '/opt/ros/humble/lib/python3.10/site-packages:/opt/ros/humble/local/lib/python3.10/dist-packages'), ('COLCON', '1'), ('CMAKE_PREFIX_PATH', '/root/ws/install/robot_dd:/opt/ros/humble')]), 'shell': False}
[0.080628] (-) TimerEvent: {}
[0.132025] (robot_dd) CommandEnded: {'returncode': 0}
[0.173276] (robot_dd) JobProgress: {'identifier': 'robot_dd', 'progress': 'install'}
[0.180787] (-) TimerEvent: {}
[0.186887] (robot_dd) Command: {'cmd': ['/usr/bin/cmake', '--install', '/root/ws/src/build/robot_dd'], 'cwd': '/root/ws/src/build/robot_dd', 'env': OrderedDict([('VSCODE_CWD', '/vscode/vscode-server/bin/linux-x64/89de5a8d4d6205e5b11647eb6a74844ca23d2573'), ('VSCODE_NLS_CONFIG', '{"locale":"en","osLocale":"en","availableLanguages":{}}'), ('VSCODE_HANDLES_UNCAUGHT_ERRORS', 'true'), ('HOSTNAME', 'localhost.localdomain'), ('GIT_ASKPASS', '/vscode/vscode-server/bin/linux-x64/89de5a8d4d6205e5b11647eb6a74844ca23d2573/extensions/git/dist/askpass.sh'), ('SHLVL', '1'), ('LD_LIBRARY_PATH', '/usr/lib/x86_64-linux-gnu/gazebo-11/plugins:/opt/ros/humble/opt/rviz_ogre_vendor/lib:/opt/ros/humble/lib/x86_64-linux-gnu:/opt/ros/humble/lib:/usr/share/gazebo/../../lib/x86_64-linux-gnu/gazebo-11/plugins:'), ('BROWSER', '/vscode/vscode-server/bin/linux-x64/89de5a8d4d6205e5b11647eb6a74844ca23d2573/bin/helpers/browser.sh'), ('HOME', '/root'), ('TERM_PROGRAM_VERSION', '1.90.0'), ('VSCODE_IPC_HOOK_CLI', '/tmp/vscode-ipc-0aaaf996-eb16-4860-ad08-fbac9d8e5485.sock'), ('GAZEBO_MASTER_URI', 'http://localhost:11345'), ('APPLICATION_INSIGHTS_NO_DIAGNOSTIC_CHANNEL', '1'), ('ROS_PYTHON_VERSION', '3'), ('VSCODE_GIT_ASKPASS_MAIN', '/vscode/vscode-server/bin/linux-x64/89de5a8d4d6205e5b11647eb6a74844ca23d2573/extensions/git/dist/askpass-main.js'), ('VSCODE_GIT_ASKPASS_NODE', '/vscode/vscode-server/bin/linux-x64/89de5a8d4d6205e5b11647eb6a74844ca23d2573/node'), ('COLORTERM', 'truecolor'), ('REMOTE_CONTAINERS', 'true'), ('VSCODE_L10N_BUNDLE_LOCATION', ''), ('COLCON_PREFIX_PATH', '/root/ws/install'), ('ROS_DISTRO', 'humble'), ('REMOTE_CONTAINERS_IPC', '/tmp/vscode-remote-containers-ipc-55292cd8-b61d-412e-8a72-b5d18faea2ae.sock'), ('_', '/usr/bin/colcon'), ('VSCODE_HANDLES_SIGPIPE', 'true'), ('ROS_VERSION', '2'), ('TERM', 'xterm-256color'), ('GAZEBO_MODEL_PATH', '/usr/share/gazebo/../../share/gazebo-11/models:'), ('ROS_LOCALHOST_ONLY', '1'), ('OGRE_RESOURCE_PATH', '/usr/lib/x86_64-linux-gnu/OGRE-1.9.0'), ('PATH', '/vscode/vscode-server/bin/linux-x64/89de5a8d4d6205e5b11647eb6a74844ca23d2573/bin/remote-cli:/opt/venv/bin:/opt/ros/humble/bin:/usr/local/sbin:/usr/local/bin:/usr/sbin:/usr/bin:/sbin:/bin'), ('VSCODE_AMD_ENTRYPOINT', 'vs/workbench/api/node/extensionHostProcess'), ('VSCODE_AGENT_FOLDER', '/root/.vscode-server'), ('REMOTE_CONTAINERS_SOCKETS', '["/tmp/vscode-ssh-auth-55292cd8-b61d-412e-8a72-b5d18faea2ae.sock","/tmp/.X11-unix/X4","/root/.gnupg/S.gpg-agent"]'), ('DISPLAY', ':0'), ('LANG', 'C.UTF-8'), ('XAUTHORITY', '/root/.XAuthority'), ('LS_COLORS', ''), ('VSCODE_GIT_IPC_HANDLE', '/tmp/vscode-git-ade4700a78.sock'), ('TERM_PROGRAM', 'vscode'), ('SSH_AUTH_SOCK', '/tmp/vscode-ssh-auth-55292cd8-b61d-412e-8a72-b5d18faea2ae.sock'), ('ROS_DOMAIN_ID', '3'), ('AMENT_PREFIX_PATH', '/root/ws/install/robot_dd:/opt/ros/humble'), ('REMOTE_CONTAINERS_DISPLAY_SOCK', '/tmp/.X11-unix/X4'), ('SHELL', '/bin/bash'), ('ELECTRON_RUN_AS_NODE', '1'), ('GAZEBO_RESOURCE_PATH', '/usr/share/gazebo/../../share/gazebo-11:'), ('GAZEBO_MODEL_DATABASE_URI', 'http://models.gazebosim.org'), ('VSCODE_GIT_ASKPASS_EXTRA_ARGS', ''), ('PWD', '/root/ws/src/build/robot_dd'), ('LC_ALL', 'C.UTF-8'), ('GAZEBO_PLUGIN_PATH', '/usr/share/gazebo/../../lib/x86_64-linux-gnu/gazebo-11/plugins:'), ('PYTHONPATH', '/opt/ros/humble/lib/python3.10/site-packages:/opt/ros/humble/local/lib/python3.10/dist-packages'), ('COLCON', '1'), ('CMAKE_PREFIX_PATH', '/root/ws/install/robot_dd:/opt/ros/humble')]), 'shell': False}
[0.212592] (robot_dd) StdoutLine: {'line': b'-- Install configuration: "RelWithDebInfo"\n'}
[0.212956] (robot_dd) StdoutLine: {'line': b'-- Execute custom install script\n'}
[0.213141] (robot_dd) StdoutLine: {'line': b'-- Up-to-date symlink: /root/ws/src/install/robot_dd/share/robot_dd/launch/display.launch.py\n'}
[0.213304] (robot_dd) StdoutLine: {'line': b'-- Up-to-date symlink: /root/ws/src/install/robot_dd/share/robot_dd/launch/gazebo.launch.py\n'}
[0.213457] (robot_dd) StdoutLine: {'line': b'-- Up-to-date symlink: /root/ws/src/install/robot_dd/share/robot_dd/launch/launch_sim.launch.py\n'}
[0.215562] (robot_dd) StdoutLine: {'line': b'-- Up-to-date symlink: /root/ws/src/install/robot_dd/share/robot_dd/launch/launch_sim2.launch.py\n'}
[0.216577] (robot_dd) StdoutLine: {'line': b'-- Up-to-date symlink: /root/ws/src/install/robot_dd/share/robot_dd/launch/rsp.launch.py\n'}
[0.216766] (robot_dd) StdoutLine: {'line': b'-- Up-to-date symlink: /root/ws/src/install/robot_dd/share/robot_dd/config/gz_bridge_params.yaml\n'}
[0.216922] (robot_dd) StdoutLine: {'line': b'-- Up-to-date symlink: /root/ws/src/install/robot_dd/share/robot_dd/config/mapper_params_online_async.yaml\n'}
[0.217104] (robot_dd) StdoutLine: {'line': b'-- Up-to-date symlink: /root/ws/src/install/robot_dd/share/robot_dd/config/my_controllers.yaml\n'}
[0.217261] (robot_dd) StdoutLine: {'line': b'-- Up-to-date symlink: /root/ws/src/install/robot_dd/share/robot_dd/config/view_robot.rviz\n'}
[0.217416] (robot_dd) StdoutLine: {'line': b'-- Up-to-date symlink: /root/ws/src/install/robot_dd/share/robot_dd/description/control/gazebo2_control.xacro\n'}
[0.217565] (robot_dd) StdoutLine: {'line': b'-- Up-to-date symlink: /root/ws/src/install/robot_dd/share/robot_dd/description/control/gazebo_control.xacro\n'}
[0.219084] (robot_dd) StdoutLine: {'line': b'-- Up-to-date symlink: /root/ws/src/install/robot_dd/share/robot_dd/description/control/ros2_control.xacro\n'}
[0.219953] (robot_dd) StdoutLine: {'line': b'-- Up-to-date symlink: /root/ws/src/install/robot_dd/share/robot_dd/description/macros/inertial.xacro\n'}
[0.220183] (robot_dd) StdoutLine: {'line': b'-- Up-to-date symlink: /root/ws/src/install/robot_dd/share/robot_dd/description/macros/wheel.xacro\n'}
[0.220347] (robot_dd) StdoutLine: {'line': b'-- Up-to-date symlink: /root/ws/src/install/robot_dd/share/robot_dd/description/material.xacro\n'}
[0.220710] (robot_dd) StdoutLine: {'line': b'-- Up-to-date symlink: /root/ws/src/install/robot_dd/share/robot_dd/description/robot.xacro\n'}
[0.222779] (robot_dd) StdoutLine: {'line': b'-- Up-to-date symlink: /root/ws/src/install/robot_dd/share/robot_dd/description/robot_model.xacro\n'}
[0.223135] (robot_dd) StdoutLine: {'line': b'-- Up-to-date symlink: /root/ws/src/install/robot_dd/share/robot_dd/description/sensors/camera.xacro\n'}
[0.223872] (robot_dd) StdoutLine: {'line': b'-- Up-to-date symlink: /root/ws/src/install/robot_dd/share/robot_dd/description/sensors/depth_camera.xacro\n'}
[0.224064] (robot_dd) StdoutLine: {'line': b'-- Up-to-date symlink: /root/ws/src/install/robot_dd/share/robot_dd/description/sensors/imu_gazebo.xacro\n'}
[0.224351] (robot_dd) StdoutLine: {'line': b'-- Up-to-date symlink: /root/ws/src/install/robot_dd/share/robot_dd/description/sensors/lidar.xacro\n'}
[0.224514] (robot_dd) StdoutLine: {'line': b'-- Up-to-date symlink: /root/ws/src/install/robot_dd/share/robot_dd/world/empty.world\n'}
[0.224667] (robot_dd) StdoutLine: {'line': b'-- Up-to-date symlink: /root/ws/src/install/robot_dd/share/robot_dd/world/house.world\n'}
[0.224819] (robot_dd) StdoutLine: {'line': b'-- Up-to-date symlink: /root/ws/src/install/robot_dd/share/robot_dd/world/willowgarage.world\n'}
[0.224964] (robot_dd) StdoutLine: {'line': b'-- Up-to-date symlink: /root/ws/src/install/robot_dd/share/robot_dd/rviz/display.rviz\n'}
[0.225244] (robot_dd) StdoutLine: {'line': b'-- Symlinking: /root/ws/src/install/robot_dd/share/robot_dd/rviz/gazebo.rviz\n'}
[0.233794] (robot_dd) StdoutLine: {'line': b'-- Up-to-date symlink: /root/ws/src/install/robot_dd/share/ament_index/resource_index/package_run_dependencies/robot_dd\n'}
[0.234111] (robot_dd) StdoutLine: {'line': b'-- Up-to-date symlink: /root/ws/src/install/robot_dd/share/ament_index/resource_index/parent_prefix_path/robot_dd\n'}
[0.234272] (robot_dd) StdoutLine: {'line': b'-- Up-to-date symlink: /root/ws/src/install/robot_dd/share/robot_dd/environment/ament_prefix_path.sh\n'}
[0.234423] (robot_dd) StdoutLine: {'line': b'-- Up-to-date symlink: /root/ws/src/install/robot_dd/share/robot_dd/environment/ament_prefix_path.dsv\n'}
[0.234565] (robot_dd) StdoutLine: {'line': b'-- Up-to-date symlink: /root/ws/src/install/robot_dd/share/robot_dd/environment/path.sh\n'}
[0.235584] (robot_dd) StdoutLine: {'line': b'-- Up-to-date symlink: /root/ws/src/install/robot_dd/share/robot_dd/environment/path.dsv\n'}
[0.236035] (robot_dd) StdoutLine: {'line': b'-- Up-to-date symlink: /root/ws/src/install/robot_dd/share/robot_dd/local_setup.bash\n'}
[0.236226] (robot_dd) StdoutLine: {'line': b'-- Up-to-date symlink: /root/ws/src/install/robot_dd/share/robot_dd/local_setup.sh\n'}
[0.236380] (robot_dd) StdoutLine: {'line': b'-- Up-to-date symlink: /root/ws/src/install/robot_dd/share/robot_dd/local_setup.zsh\n'}
[0.236528] (robot_dd) StdoutLine: {'line': b'-- Up-to-date symlink: /root/ws/src/install/robot_dd/share/robot_dd/local_setup.dsv\n'}
[0.236675] (robot_dd) StdoutLine: {'line': b'-- Symlinking: /root/ws/src/install/robot_dd/share/robot_dd/package.dsv\n'}
[0.252355] (robot_dd) StdoutLine: {'line': b'-- Up-to-date symlink: /root/ws/src/install/robot_dd/share/ament_index/resource_index/packages/robot_dd\n'}
[0.252753] (robot_dd) StdoutLine: {'line': b'-- Up-to-date symlink: /root/ws/src/install/robot_dd/share/robot_dd/cmake/robot_ddConfig.cmake\n'}
[0.253003] (robot_dd) StdoutLine: {'line': b'-- Up-to-date symlink: /root/ws/src/install/robot_dd/share/robot_dd/cmake/robot_ddConfig-version.cmake\n'}
[0.253171] (robot_dd) StdoutLine: {'line': b'-- Up-to-date symlink: /root/ws/src/install/robot_dd/share/robot_dd/package.xml\n'}
[0.257174] (robot_dd) CommandEnded: {'returncode': 0}
[0.281037] (-) TimerEvent: {}
[0.332175] (robot_dd) JobEnded: {'identifier': 'robot_dd', 'rc': 0}
[0.333415] (-) EventReactorShutdown: {}
