[0.000000] (-) TimerEvent: {}
[0.000883] (robot_dd) JobQueued: {'identifier': 'robot_dd', 'dependencies': OrderedDict()}
[0.001362] (robot_dd) JobStarted: {'identifier': 'robot_dd'}
[0.018062] (robot_dd) JobProgress: {'identifier': 'robot_dd', 'progress': 'cmake'}
[0.018956] (robot_dd) JobProgress: {'identifier': 'robot_dd', 'progress': 'build'}
[0.019906] (robot_dd) Command: {'cmd': ['/usr/bin/cmake', '--build', '/root/ws/src/build/robot_dd', '--', '-j4', '-l4'], 'cwd': '/root/ws/src/build/robot_dd', 'env': OrderedDict([('VSCODE_CWD', '/vscode/vscode-server/bin/linux-x64/89de5a8d4d6205e5b11647eb6a74844ca23d2573'), ('VSCODE_NLS_CONFIG', '{"locale":"en","osLocale":"en","availableLanguages":{}}'), ('VSCODE_HANDLES_UNCAUGHT_ERRORS', 'true'), ('HOSTNAME', 'localhost.localdomain'), ('GIT_ASKPASS', '/vscode/vscode-server/bin/linux-x64/89de5a8d4d6205e5b11647eb6a74844ca23d2573/extensions/git/dist/askpass.sh'), ('SHLVL', '1'), ('LD_LIBRARY_PATH', '/usr/lib/x86_64-linux-gnu/gazebo-11/plugins:/opt/ros/humble/opt/rviz_ogre_vendor/lib:/opt/ros/humble/lib/x86_64-linux-gnu:/opt/ros/humble/lib:/usr/share/gazebo/../../lib/x86_64-linux-gnu/gazebo-11/plugins:'), ('BROWSER', '/vscode/vscode-server/bin/linux-x64/89de5a8d4d6205e5b11647eb6a74844ca23d2573/bin/helpers/browser.sh'), ('HOME', '/root'), ('TERM_PROGRAM_VERSION', '1.90.0'), ('VSCODE_IPC_HOOK_CLI', '/tmp/vscode-ipc-cbe1f3d0-083b-400c-93fa-63ddcf99b120.sock'), ('GAZEBO_MASTER_URI', 'http://localhost:11345'), ('APPLICATION_INSIGHTS_NO_DIAGNOSTIC_CHANNEL', '1'), ('ROS_PYTHON_VERSION', '3'), ('VSCODE_GIT_ASKPASS_MAIN', '/vscode/vscode-server/bin/linux-x64/89de5a8d4d6205e5b11647eb6a74844ca23d2573/extensions/git/dist/askpass-main.js'), ('VSCODE_GIT_ASKPASS_NODE', '/vscode/vscode-server/bin/linux-x64/89de5a8d4d6205e5b11647eb6a74844ca23d2573/node'), ('COLORTERM', 'truecolor'), ('REMOTE_CONTAINERS', 'true'), ('VSCODE_L10N_BUNDLE_LOCATION', ''), ('COLCON_PREFIX_PATH', '/root/ws/install'), ('ROS_DISTRO', 'humble'), ('REMOTE_CONTAINERS_IPC', '/tmp/vscode-remote-containers-ipc-55292cd8-b61d-412e-8a72-b5d18faea2ae.sock'), ('_', '/usr/bin/colcon'), ('VSCODE_HANDLES_SIGPIPE', 'true'), ('ROS_VERSION', '2'), ('TERM', 'xterm-256color'), ('GAZEBO_MODEL_PATH', '/usr/share/gazebo/../../share/gazebo-11/models:'), ('ROS_LOCALHOST_ONLY', '1'), ('OGRE_RESOURCE_PATH', '/usr/lib/x86_64-linux-gnu/OGRE-1.9.0'), ('PATH', '/vscode/vscode-server/bin/linux-x64/89de5a8d4d6205e5b11647eb6a74844ca23d2573/bin/remote-cli:/opt/venv/bin:/opt/ros/humble/bin:/usr/local/sbin:/usr/local/bin:/usr/sbin:/usr/bin:/sbin:/bin'), ('VSCODE_AMD_ENTRYPOINT', 'vs/workbench/api/node/extensionHostProcess'), ('VSCODE_AGENT_FOLDER', '/root/.vscode-server'), ('REMOTE_CONTAINERS_SOCKETS', '["/tmp/vscode-ssh-auth-55292cd8-b61d-412e-8a72-b5d18faea2ae.sock","/tmp/.X11-unix/X4","/root/.gnupg/S.gpg-agent"]'), ('DISPLAY', ':0'), ('LANG', 'C.UTF-8'), ('XAUTHORITY', '/root/.XAuthority'), ('LS_COLORS', ''), ('VSCODE_GIT_IPC_HANDLE', '/tmp/vscode-git-ade4700a78.sock'), ('TERM_PROGRAM', 'vscode'), ('SSH_AUTH_SOCK', '/tmp/vscode-ssh-auth-55292cd8-b61d-412e-8a72-b5d18faea2ae.sock'), ('ROS_DOMAIN_ID', '3'), ('AMENT_PREFIX_PATH', '/root/ws/install/robot_dd:/opt/ros/humble'), ('REMOTE_CONTAINERS_DISPLAY_SOCK', '/tmp/.X11-unix/X4'), ('SHELL', '/bin/bash'), ('ELECTRON_RUN_AS_NODE', '1'), ('GAZEBO_RESOURCE_PATH', '/usr/share/gazebo/../../share/gazebo-11:'), ('GAZEBO_MODEL_DATABASE_URI', 'http://models.gazebosim.org'), ('VSCODE_GIT_ASKPASS_EXTRA_ARGS', ''), ('PWD', '/root/ws/src/build/robot_dd'), ('LC_ALL', 'C.UTF-8'), ('GAZEBO_PLUGIN_PATH', '/usr/share/gazebo/../../lib/x86_64-linux-gnu/gazebo-11/plugins:'), ('PYTHONPATH', '/opt/ros/humble/lib/python3.10/site-packages:/opt/ros/humble/local/lib/python3.10/dist-packages'), ('COLCON', '1'), ('CMAKE_PREFIX_PATH', '/root/ws/install/robot_dd:/opt/ros/humble')]), 'shell': False}
[0.083979] (robot_dd) CommandEnded: {'returncode': 0}
[0.084593] (-) TimerEvent: {}
[0.111631] (robot_dd) JobProgress: {'identifier': 'robot_dd', 'progress': 'install'}
[0.125157] (robot_dd) Command: {'cmd': ['/usr/bin/cmake', '--install', '/root/ws/src/build/robot_dd'], 'cwd': '/root/ws/src/build/robot_dd', 'env': OrderedDict([('VSCODE_CWD', '/vscode/vscode-server/bin/linux-x64/89de5a8d4d6205e5b11647eb6a74844ca23d2573'), ('VSCODE_NLS_CONFIG', '{"locale":"en","osLocale":"en","availableLanguages":{}}'), ('VSCODE_HANDLES_UNCAUGHT_ERRORS', 'true'), ('HOSTNAME', 'localhost.localdomain'), ('GIT_ASKPASS', '/vscode/vscode-server/bin/linux-x64/89de5a8d4d6205e5b11647eb6a74844ca23d2573/extensions/git/dist/askpass.sh'), ('SHLVL', '1'), ('LD_LIBRARY_PATH', '/usr/lib/x86_64-linux-gnu/gazebo-11/plugins:/opt/ros/humble/opt/rviz_ogre_vendor/lib:/opt/ros/humble/lib/x86_64-linux-gnu:/opt/ros/humble/lib:/usr/share/gazebo/../../lib/x86_64-linux-gnu/gazebo-11/plugins:'), ('BROWSER', '/vscode/vscode-server/bin/linux-x64/89de5a8d4d6205e5b11647eb6a74844ca23d2573/bin/helpers/browser.sh'), ('HOME', '/root'), ('TERM_PROGRAM_VERSION', '1.90.0'), ('VSCODE_IPC_HOOK_CLI', '/tmp/vscode-ipc-cbe1f3d0-083b-400c-93fa-63ddcf99b120.sock'), ('GAZEBO_MASTER_URI', 'http://localhost:11345'), ('APPLICATION_INSIGHTS_NO_DIAGNOSTIC_CHANNEL', '1'), ('ROS_PYTHON_VERSION', '3'), ('VSCODE_GIT_ASKPASS_MAIN', '/vscode/vscode-server/bin/linux-x64/89de5a8d4d6205e5b11647eb6a74844ca23d2573/extensions/git/dist/askpass-main.js'), ('VSCODE_GIT_ASKPASS_NODE', '/vscode/vscode-server/bin/linux-x64/89de5a8d4d6205e5b11647eb6a74844ca23d2573/node'), ('COLORTERM', 'truecolor'), ('REMOTE_CONTAINERS', 'true'), ('VSCODE_L10N_BUNDLE_LOCATION', ''), ('COLCON_PREFIX_PATH', '/root/ws/install'), ('ROS_DISTRO', 'humble'), ('REMOTE_CONTAINERS_IPC', '/tmp/vscode-remote-containers-ipc-55292cd8-b61d-412e-8a72-b5d18faea2ae.sock'), ('_', '/usr/bin/colcon'), ('VSCODE_HANDLES_SIGPIPE', 'true'), ('ROS_VERSION', '2'), ('TERM', 'xterm-256color'), ('GAZEBO_MODEL_PATH', '/usr/share/gazebo/../../share/gazebo-11/models:'), ('ROS_LOCALHOST_ONLY', '1'), ('OGRE_RESOURCE_PATH', '/usr/lib/x86_64-linux-gnu/OGRE-1.9.0'), ('PATH', '/vscode/vscode-server/bin/linux-x64/89de5a8d4d6205e5b11647eb6a74844ca23d2573/bin/remote-cli:/opt/venv/bin:/opt/ros/humble/bin:/usr/local/sbin:/usr/local/bin:/usr/sbin:/usr/bin:/sbin:/bin'), ('VSCODE_AMD_ENTRYPOINT', 'vs/workbench/api/node/extensionHostProcess'), ('VSCODE_AGENT_FOLDER', '/root/.vscode-server'), ('REMOTE_CONTAINERS_SOCKETS', '["/tmp/vscode-ssh-auth-55292cd8-b61d-412e-8a72-b5d18faea2ae.sock","/tmp/.X11-unix/X4","/root/.gnupg/S.gpg-agent"]'), ('DISPLAY', ':0'), ('LANG', 'C.UTF-8'), ('XAUTHORITY', '/root/.XAuthority'), ('LS_COLORS', ''), ('VSCODE_GIT_IPC_HANDLE', '/tmp/vscode-git-ade4700a78.sock'), ('TERM_PROGRAM', 'vscode'), ('SSH_AUTH_SOCK', '/tmp/vscode-ssh-auth-55292cd8-b61d-412e-8a72-b5d18faea2ae.sock'), ('ROS_DOMAIN_ID', '3'), ('AMENT_PREFIX_PATH', '/root/ws/install/robot_dd:/opt/ros/humble'), ('REMOTE_CONTAINERS_DISPLAY_SOCK', '/tmp/.X11-unix/X4'), ('SHELL', '/bin/bash'), ('ELECTRON_RUN_AS_NODE', '1'), ('GAZEBO_RESOURCE_PATH', '/usr/share/gazebo/../../share/gazebo-11:'), ('GAZEBO_MODEL_DATABASE_URI', 'http://models.gazebosim.org'), ('VSCODE_GIT_ASKPASS_EXTRA_ARGS', ''), ('PWD', '/root/ws/src/build/robot_dd'), ('LC_ALL', 'C.UTF-8'), ('GAZEBO_PLUGIN_PATH', '/usr/share/gazebo/../../lib/x86_64-linux-gnu/gazebo-11/plugins:'), ('PYTHONPATH', '/opt/ros/humble/lib/python3.10/site-packages:/opt/ros/humble/local/lib/python3.10/dist-packages'), ('COLCON', '1'), ('CMAKE_PREFIX_PATH', '/root/ws/install/robot_dd:/opt/ros/humble')]), 'shell': False}
[0.135815] (robot_dd) StdoutLine: {'line': b'-- Install configuration: "RelWithDebInfo"\n'}
[0.136345] (robot_dd) StdoutLine: {'line': b'-- Execute custom install script\n'}
[0.136769] (robot_dd) StdoutLine: {'line': b'-- Up-to-date symlink: /root/ws/src/install/robot_dd/share/robot_dd/launch/display.launch.py\n'}
[0.137183] (robot_dd) StdoutLine: {'line': b'-- Up-to-date symlink: /root/ws/src/install/robot_dd/share/robot_dd/launch/gazebo.launch.py\n'}
[0.138101] (robot_dd) StdoutLine: {'line': b'-- Up-to-date symlink: /root/ws/src/install/robot_dd/share/robot_dd/launch/launch_sim.launch.py\n'}
[0.138281] (robot_dd) StdoutLine: {'line': b'-- Up-to-date symlink: /root/ws/src/install/robot_dd/share/robot_dd/launch/launch_sim2.launch.py\n'}
[0.138442] (robot_dd) StdoutLine: {'line': b'-- Up-to-date symlink: /root/ws/src/install/robot_dd/share/robot_dd/launch/rsp.launch.py\n'}
[0.138867] (robot_dd) StdoutLine: {'line': b'-- Up-to-date symlink: /root/ws/src/install/robot_dd/share/robot_dd/config/gz_bridge_params.yaml\n'}
[0.139266] (robot_dd) StdoutLine: {'line': b'-- Up-to-date symlink: /root/ws/src/install/robot_dd/share/robot_dd/config/mapper_params_online_async.yaml\n'}
[0.139404] (robot_dd) StdoutLine: {'line': b'-- Up-to-date symlink: /root/ws/src/install/robot_dd/share/robot_dd/config/my_controllers.yaml\n'}
[0.139544] (robot_dd) StdoutLine: {'line': b'-- Up-to-date symlink: /root/ws/src/install/robot_dd/share/robot_dd/config/view_robot.rviz\n'}
[0.139674] (robot_dd) StdoutLine: {'line': b'-- Up-to-date symlink: /root/ws/src/install/robot_dd/share/robot_dd/description/control/gazebo2_control.xacro\n'}
[0.139803] (robot_dd) StdoutLine: {'line': b'-- Up-to-date symlink: /root/ws/src/install/robot_dd/share/robot_dd/description/control/gazebo_control.xacro\n'}
[0.139932] (robot_dd) StdoutLine: {'line': b'-- Up-to-date symlink: /root/ws/src/install/robot_dd/share/robot_dd/description/control/ros2_control.xacro\n'}
[0.140059] (robot_dd) StdoutLine: {'line': b'-- Up-to-date symlink: /root/ws/src/install/robot_dd/share/robot_dd/description/macros/inertial.xacro\n'}
[0.140182] (robot_dd) StdoutLine: {'line': b'-- Up-to-date symlink: /root/ws/src/install/robot_dd/share/robot_dd/description/macros/wheel.xacro\n'}
[0.141117] (robot_dd) StdoutLine: {'line': b'-- Up-to-date symlink: /root/ws/src/install/robot_dd/share/robot_dd/description/material.xacro\n'}
[0.141513] (robot_dd) StdoutLine: {'line': b'-- Up-to-date symlink: /root/ws/src/install/robot_dd/share/robot_dd/description/robot.xacro\n'}
[0.141766] (robot_dd) StdoutLine: {'line': b'-- Up-to-date symlink: /root/ws/src/install/robot_dd/share/robot_dd/description/robot_model.xacro\n'}
[0.142105] (robot_dd) StdoutLine: {'line': b'-- Up-to-date symlink: /root/ws/src/install/robot_dd/share/robot_dd/description/sensors/camera.xacro\n'}
[0.142362] (robot_dd) StdoutLine: {'line': b'-- Up-to-date symlink: /root/ws/src/install/robot_dd/share/robot_dd/description/sensors/depth_camera.xacro\n'}
[0.142816] (robot_dd) StdoutLine: {'line': b'-- Up-to-date symlink: /root/ws/src/install/robot_dd/share/robot_dd/description/sensors/lidar.xacro\n'}
[0.142982] (robot_dd) StdoutLine: {'line': b'-- Up-to-date symlink: /root/ws/src/install/robot_dd/share/robot_dd/world/empty.world\n'}
[0.143090] (robot_dd) StdoutLine: {'line': b'-- Up-to-date symlink: /root/ws/src/install/robot_dd/share/robot_dd/world/house.world\n'}
[0.143289] (robot_dd) StdoutLine: {'line': b'-- Up-to-date symlink: /root/ws/src/install/robot_dd/share/robot_dd/world/willowgarage.world\n'}
[0.143418] (robot_dd) StdoutLine: {'line': b'-- Up-to-date symlink: /root/ws/src/install/robot_dd/share/robot_dd/rviz/display.rviz\n'}
[0.143524] (robot_dd) StdoutLine: {'line': b'-- Up-to-date symlink: /root/ws/src/install/robot_dd/share/ament_index/resource_index/package_run_dependencies/robot_dd\n'}
[0.143862] (robot_dd) StdoutLine: {'line': b'-- Up-to-date symlink: /root/ws/src/install/robot_dd/share/ament_index/resource_index/parent_prefix_path/robot_dd\n'}
[0.143979] (robot_dd) StdoutLine: {'line': b'-- Up-to-date symlink: /root/ws/src/install/robot_dd/share/robot_dd/environment/ament_prefix_path.sh\n'}
[0.144086] (robot_dd) StdoutLine: {'line': b'-- Up-to-date symlink: /root/ws/src/install/robot_dd/share/robot_dd/environment/ament_prefix_path.dsv\n'}
[0.144188] (robot_dd) StdoutLine: {'line': b'-- Up-to-date symlink: /root/ws/src/install/robot_dd/share/robot_dd/environment/path.sh\n'}
[0.144296] (robot_dd) StdoutLine: {'line': b'-- Up-to-date symlink: /root/ws/src/install/robot_dd/share/robot_dd/environment/path.dsv\n'}
[0.144396] (robot_dd) StdoutLine: {'line': b'-- Up-to-date symlink: /root/ws/src/install/robot_dd/share/robot_dd/local_setup.bash\n'}
[0.144495] (robot_dd) StdoutLine: {'line': b'-- Up-to-date symlink: /root/ws/src/install/robot_dd/share/robot_dd/local_setup.sh\n'}
[0.144615] (robot_dd) StdoutLine: {'line': b'-- Up-to-date symlink: /root/ws/src/install/robot_dd/share/robot_dd/local_setup.zsh\n'}
[0.144734] (robot_dd) StdoutLine: {'line': b'-- Up-to-date symlink: /root/ws/src/install/robot_dd/share/robot_dd/local_setup.dsv\n'}
[0.144838] (robot_dd) StdoutLine: {'line': b'-- Symlinking: /root/ws/src/install/robot_dd/share/robot_dd/package.dsv\n'}
[0.157222] (robot_dd) StdoutLine: {'line': b'-- Up-to-date symlink: /root/ws/src/install/robot_dd/share/ament_index/resource_index/packages/robot_dd\n'}
[0.158197] (robot_dd) StdoutLine: {'line': b'-- Up-to-date symlink: /root/ws/src/install/robot_dd/share/robot_dd/cmake/robot_ddConfig.cmake\n'}
[0.158830] (robot_dd) StdoutLine: {'line': b'-- Up-to-date symlink: /root/ws/src/install/robot_dd/share/robot_dd/cmake/robot_ddConfig-version.cmake\n'}
[0.159597] (robot_dd) StdoutLine: {'line': b'-- Up-to-date symlink: /root/ws/src/install/robot_dd/share/robot_dd/package.xml\n'}
[0.163664] (robot_dd) CommandEnded: {'returncode': 0}
[0.185684] (-) TimerEvent: {}
[0.224077] (robot_dd) JobEnded: {'identifier': 'robot_dd', 'rc': 0}
[0.225291] (-) EventReactorShutdown: {}
