[0.023s] Invoking command in '/root/ws/src/build/robot_dd': CMAKE_PREFIX_PATH=${CMAKE_PREFIX_PATH}:/opt/ros/humble /usr/bin/cmake /root/ws/src/robot_dd -DCMAKE_BUILD_TYPE=RelWithDebInfo -DAMENT_CMAKE_SYMLINK_INSTALL=1 -DCMAKE_INSTALL_PREFIX=/root/ws/src/install/robot_dd
[0.290s] -- The C compiler identification is GNU 11.4.0
[0.451s] -- The CXX compiler identification is GNU 11.4.0
[0.468s] -- Detecting C compiler ABI info
[0.586s] -- Detecting C compiler ABI info - done
[0.606s] -- Check for working C compiler: /usr/bin/cc - skipped
[0.606s] -- Detecting C compile features
[0.608s] -- Detecting C compile features - done
[0.615s] -- Detecting CXX compiler ABI info
[0.783s] -- Detecting CXX compiler ABI info - done
[0.800s] -- Check for working CXX compiler: /usr/bin/c++ - skipped
[0.801s] -- Detecting CXX compile features
[0.802s] -- Detecting CXX compile features - done
[0.809s] -- Found ament_cmake: 1.3.9 (/opt/ros/humble/share/ament_cmake/cmake)
[1.521s] -- Found Python3: /opt/venv/bin/python3 (found version "3.10.12") found components: Interpreter 
[1.641s] -- Override CMake install command with custom implementation using symlinks instead of copying resources
[1.740s] -- Found xacro: 2.0.8 (/opt/ros/humble/share/xacro/cmake)
[1.927s] -- Configuring done
[1.937s] -- Generating done
[1.938s] -- Build files have been written to: /root/ws/src/build/robot_dd
[1.945s] Invoked command in '/root/ws/src/build/robot_dd' returned '0': CMAKE_PREFIX_PATH=${CMAKE_PREFIX_PATH}:/opt/ros/humble /usr/bin/cmake /root/ws/src/robot_dd -DCMAKE_BUILD_TYPE=RelWithDebInfo -DAMENT_CMAKE_SYMLINK_INSTALL=1 -DCMAKE_INSTALL_PREFIX=/root/ws/src/install/robot_dd
[1.947s] Invoking command in '/root/ws/src/build/robot_dd': CMAKE_PREFIX_PATH=${CMAKE_PREFIX_PATH}:/opt/ros/humble /usr/bin/cmake --build /root/ws/src/build/robot_dd -- -j4 -l4
[2.011s] Invoked command in '/root/ws/src/build/robot_dd' returned '0': CMAKE_PREFIX_PATH=${CMAKE_PREFIX_PATH}:/opt/ros/humble /usr/bin/cmake --build /root/ws/src/build/robot_dd -- -j4 -l4
[2.066s] Invoking command in '/root/ws/src/build/robot_dd': CMAKE_PREFIX_PATH=${CMAKE_PREFIX_PATH}:/opt/ros/humble /usr/bin/cmake --install /root/ws/src/build/robot_dd
[2.083s] -- Install configuration: "RelWithDebInfo"
[2.083s] -- Execute custom install script
[2.084s] -- Symlinking: /root/ws/src/install/robot_dd/share/robot_dd/launch/display.launch.py
[2.101s] -- Symlinking: /root/ws/src/install/robot_dd/share/robot_dd/launch/launch_sim.launch.py
[2.116s] -- Symlinking: /root/ws/src/install/robot_dd/share/robot_dd/launch/launch_sim2.launch.py
[2.133s] -- Symlinking: /root/ws/src/install/robot_dd/share/robot_dd/launch/rsp.launch.py
[2.148s] -- Symlinking: /root/ws/src/install/robot_dd/share/robot_dd/config/gz_bridge_params.yaml
[2.163s] -- Symlinking: /root/ws/src/install/robot_dd/share/robot_dd/config/mapper_params_online_async.yaml
[2.177s] -- Symlinking: /root/ws/src/install/robot_dd/share/robot_dd/config/my_controllers.yaml
[2.191s] -- Symlinking: /root/ws/src/install/robot_dd/share/robot_dd/config/view_robot.rviz
[2.207s] -- Symlinking: /root/ws/src/install/robot_dd/share/robot_dd/description/control/gazebo2_control.xacro
[2.222s] -- Symlinking: /root/ws/src/install/robot_dd/share/robot_dd/description/control/gazebo_control.xacro
[2.237s] -- Symlinking: /root/ws/src/install/robot_dd/share/robot_dd/description/control/ros2_control.xacro
[2.251s] -- Symlinking: /root/ws/src/install/robot_dd/share/robot_dd/description/macros/inertial.xacro
[2.266s] -- Symlinking: /root/ws/src/install/robot_dd/share/robot_dd/description/macros/wheel.xacro
[2.280s] -- Symlinking: /root/ws/src/install/robot_dd/share/robot_dd/description/material.xacro
[2.293s] -- Symlinking: /root/ws/src/install/robot_dd/share/robot_dd/description/robot.xacro
[2.308s] -- Symlinking: /root/ws/src/install/robot_dd/share/robot_dd/description/robot_model.xacro
[2.323s] -- Symlinking: /root/ws/src/install/robot_dd/share/robot_dd/description/sensors/camera.xacro
[2.337s] -- Symlinking: /root/ws/src/install/robot_dd/share/robot_dd/description/sensors/depth_camera.xacro
[2.351s] -- Symlinking: /root/ws/src/install/robot_dd/share/robot_dd/description/sensors/lidar.xacro
[2.368s] -- Symlinking: /root/ws/src/install/robot_dd/share/robot_dd/description/test
[2.382s] -- Symlinking: /root/ws/src/install/robot_dd/share/robot_dd/world/empty.world
[2.397s] -- Symlinking: /root/ws/src/install/robot_dd/share/robot_dd/world/house.world
[2.413s] -- Symlinking: /root/ws/src/install/robot_dd/share/robot_dd/world/willowgarage.world
[2.431s] -- Symlinking: /root/ws/src/install/robot_dd/share/robot_dd/rviz/display.rviz
[2.446s] -- Symlinking: /root/ws/src/install/robot_dd/share/ament_index/resource_index/package_run_dependencies/robot_dd
[2.462s] -- Symlinking: /root/ws/src/install/robot_dd/share/ament_index/resource_index/parent_prefix_path/robot_dd
[2.477s] -- Symlinking: /root/ws/src/install/robot_dd/share/robot_dd/environment/ament_prefix_path.sh
[2.490s] -- Symlinking: /root/ws/src/install/robot_dd/share/robot_dd/environment/ament_prefix_path.dsv
[2.506s] -- Symlinking: /root/ws/src/install/robot_dd/share/robot_dd/environment/path.sh
[2.523s] -- Symlinking: /root/ws/src/install/robot_dd/share/robot_dd/environment/path.dsv
[2.537s] -- Symlinking: /root/ws/src/install/robot_dd/share/robot_dd/local_setup.bash
[2.551s] -- Symlinking: /root/ws/src/install/robot_dd/share/robot_dd/local_setup.sh
[2.566s] -- Symlinking: /root/ws/src/install/robot_dd/share/robot_dd/local_setup.zsh
[2.580s] -- Symlinking: /root/ws/src/install/robot_dd/share/robot_dd/local_setup.dsv
[2.596s] -- Symlinking: /root/ws/src/install/robot_dd/share/robot_dd/package.dsv
[2.615s] -- Symlinking: /root/ws/src/install/robot_dd/share/ament_index/resource_index/packages/robot_dd
[2.632s] -- Symlinking: /root/ws/src/install/robot_dd/share/robot_dd/cmake/robot_ddConfig.cmake
[2.646s] -- Symlinking: /root/ws/src/install/robot_dd/share/robot_dd/cmake/robot_ddConfig-version.cmake
[2.660s] -- Symlinking: /root/ws/src/install/robot_dd/share/robot_dd/package.xml
[2.677s] Invoked command in '/root/ws/src/build/robot_dd' returned '0': CMAKE_PREFIX_PATH=${CMAKE_PREFIX_PATH}:/opt/ros/humble /usr/bin/cmake --install /root/ws/src/build/robot_dd
