[0.305s] DEBUG:colcon:Command line arguments: ['/usr/bin/colcon', 'build', '--symlink-install', '--event-handlers', 'console_cohesion+', '--base-paths', '/root/ws', '--cmake-args', '-DCMAKE_BUILD_TYPE=RelWithDebInfo']
[0.305s] DEBUG:colcon:Parsed command line arguments: Namespace(log_base=None, log_level=None, verb_name='build', build_base='build', install_base='install', merge_install=False, symlink_install=True, test_result_base=None, continue_on_error=False, executor='parallel', parallel_workers=4, event_handlers=['console_cohesion+'], ignore_user_meta=False, metas=['./colcon.meta'], base_paths=['/root/ws'], packages_ignore=None, packages_ignore_regex=None, paths=None, packages_up_to=None, packages_up_to_regex=None, packages_above=None, packages_above_and_dependencies=None, packages_above_depth=None, packages_select_by_dep=None, packages_skip_by_dep=None, packages_skip_up_to=None, packages_select_build_failed=False, packages_skip_build_finished=False, packages_select_test_failures=False, packages_skip_test_passed=False, packages_select=None, packages_skip=None, packages_select_regex=None, packages_skip_regex=None, packages_start=None, packages_end=None, cmake_args=['-DCMAKE_BUILD_TYPE=RelWithDebInfo'], cmake_target=None, cmake_target_skip_unavailable=False, cmake_clean_cache=False, cmake_clean_first=False, cmake_force_configure=False, ament_cmake_args=None, catkin_cmake_args=None, catkin_skip_building_tests=False, mixin_files=None, mixin=None, verb_parser=<colcon_mixin.mixin.mixin_argument.MixinArgumentDecorator object at 0x7fe3c5949c30>, verb_extension=<colcon_core.verb.build.BuildVerb object at 0x7fe3c5a4e1d0>, main=<bound method BuildVerb.main of <colcon_core.verb.build.BuildVerb object at 0x7fe3c5a4e1d0>>, mixin_verb=('build',))
[0.734s] Level 1:colcon.colcon_core.package_discovery:discover_packages(colcon_meta) check parameters
[0.735s] INFO:colcon.colcon_metadata.package_discovery.colcon_meta:Using configuration from '/root/.colcon/metadata/default/Gazebo.meta'
[0.736s] INFO:colcon.colcon_metadata.package_discovery.colcon_meta:Using configuration from '/root/.colcon/metadata/default/fastrtps.meta'
[0.737s] Level 1:colcon.colcon_core.package_discovery:discover_packages(recursive) check parameters
[0.737s] Level 1:colcon.colcon_core.package_discovery:discover_packages(ignore) check parameters
[0.737s] Level 1:colcon.colcon_core.package_discovery:discover_packages(path) check parameters
[0.737s] Level 1:colcon.colcon_core.package_discovery:discover_packages(recursive) discover
[0.737s] INFO:colcon.colcon_core.package_discovery:Crawling recursively for packages in '/root/ws'
[0.737s] Level 1:colcon.colcon_core.package_identification:_identify(/root/ws) by extensions ['ignore', 'ignore_ament_install']
[0.737s] Level 1:colcon.colcon_core.package_identification:_identify(/root/ws) by extension 'ignore'
[0.737s] Level 1:colcon.colcon_core.package_identification:_identify(/root/ws) by extension 'ignore_ament_install'
[0.738s] Level 1:colcon.colcon_core.package_identification:_identify(/root/ws) by extensions ['colcon_pkg']
[0.738s] Level 1:colcon.colcon_core.package_identification:_identify(/root/ws) by extension 'colcon_pkg'
[0.738s] Level 1:colcon.colcon_core.package_identification:_identify(/root/ws) by extensions ['colcon_meta']
[0.738s] Level 1:colcon.colcon_core.package_identification:_identify(/root/ws) by extension 'colcon_meta'
[0.738s] Level 1:colcon.colcon_core.package_identification:_identify(/root/ws) by extensions ['ros']
[0.738s] Level 1:colcon.colcon_core.package_identification:_identify(/root/ws) by extension 'ros'
[0.760s] Level 1:colcon.colcon_core.package_identification:_identify(/root/ws) by extensions ['cmake', 'python']
[0.760s] Level 1:colcon.colcon_core.package_identification:_identify(/root/ws) by extension 'cmake'
[0.760s] Level 1:colcon.colcon_core.package_identification:_identify(/root/ws) by extension 'python'
[0.760s] Level 1:colcon.colcon_core.package_identification:_identify(/root/ws) by extensions ['python_setup_py']
[0.760s] Level 1:colcon.colcon_core.package_identification:_identify(/root/ws) by extension 'python_setup_py'
[0.761s] Level 1:colcon.colcon_core.package_identification:_identify(/root/ws/build) by extensions ['ignore', 'ignore_ament_install']
[0.761s] Level 1:colcon.colcon_core.package_identification:_identify(/root/ws/build) by extension 'ignore'
[0.761s] Level 1:colcon.colcon_core.package_identification:_identify(/root/ws/build) ignored
[0.761s] Level 1:colcon.colcon_core.package_identification:_identify(/root/ws/data) by extensions ['ignore', 'ignore_ament_install']
[0.761s] Level 1:colcon.colcon_core.package_identification:_identify(/root/ws/data) by extension 'ignore'
[0.762s] Level 1:colcon.colcon_core.package_identification:_identify(/root/ws/data) by extension 'ignore_ament_install'
[0.762s] Level 1:colcon.colcon_core.package_identification:_identify(/root/ws/data) by extensions ['colcon_pkg']
[0.762s] Level 1:colcon.colcon_core.package_identification:_identify(/root/ws/data) by extension 'colcon_pkg'
[0.762s] Level 1:colcon.colcon_core.package_identification:_identify(/root/ws/data) by extensions ['colcon_meta']
[0.762s] Level 1:colcon.colcon_core.package_identification:_identify(/root/ws/data) by extension 'colcon_meta'
[0.762s] Level 1:colcon.colcon_core.package_identification:_identify(/root/ws/data) by extensions ['ros']
[0.762s] Level 1:colcon.colcon_core.package_identification:_identify(/root/ws/data) by extension 'ros'
[0.762s] Level 1:colcon.colcon_core.package_identification:_identify(/root/ws/data) by extensions ['cmake', 'python']
[0.762s] Level 1:colcon.colcon_core.package_identification:_identify(/root/ws/data) by extension 'cmake'
[0.762s] Level 1:colcon.colcon_core.package_identification:_identify(/root/ws/data) by extension 'python'
[0.763s] Level 1:colcon.colcon_core.package_identification:_identify(/root/ws/data) by extensions ['python_setup_py']
[0.763s] Level 1:colcon.colcon_core.package_identification:_identify(/root/ws/data) by extension 'python_setup_py'
[0.763s] Level 1:colcon.colcon_core.package_identification:_identify(/root/ws/install) by extensions ['ignore', 'ignore_ament_install']
[0.763s] Level 1:colcon.colcon_core.package_identification:_identify(/root/ws/install) by extension 'ignore'
[0.763s] Level 1:colcon.colcon_core.package_identification:_identify(/root/ws/install) ignored
[0.763s] Level 1:colcon.colcon_core.package_identification:_identify(/root/ws/log) by extensions ['ignore', 'ignore_ament_install']
[0.764s] Level 1:colcon.colcon_core.package_identification:_identify(/root/ws/log) by extension 'ignore'
[0.764s] Level 1:colcon.colcon_core.package_identification:_identify(/root/ws/log) ignored
[0.764s] Level 1:colcon.colcon_core.package_identification:_identify(/root/ws/src) by extensions ['ignore', 'ignore_ament_install']
[0.764s] Level 1:colcon.colcon_core.package_identification:_identify(/root/ws/src) by extension 'ignore'
[0.764s] Level 1:colcon.colcon_core.package_identification:_identify(/root/ws/src) by extension 'ignore_ament_install'
[0.764s] Level 1:colcon.colcon_core.package_identification:_identify(/root/ws/src) by extensions ['colcon_pkg']
[0.764s] Level 1:colcon.colcon_core.package_identification:_identify(/root/ws/src) by extension 'colcon_pkg'
[0.764s] Level 1:colcon.colcon_core.package_identification:_identify(/root/ws/src) by extensions ['colcon_meta']
[0.764s] Level 1:colcon.colcon_core.package_identification:_identify(/root/ws/src) by extension 'colcon_meta'
[0.765s] Level 1:colcon.colcon_core.package_identification:_identify(/root/ws/src) by extensions ['ros']
[0.765s] Level 1:colcon.colcon_core.package_identification:_identify(/root/ws/src) by extension 'ros'
[0.765s] Level 1:colcon.colcon_core.package_identification:_identify(/root/ws/src) by extensions ['cmake', 'python']
[0.765s] Level 1:colcon.colcon_core.package_identification:_identify(/root/ws/src) by extension 'cmake'
[0.765s] Level 1:colcon.colcon_core.package_identification:_identify(/root/ws/src) by extension 'python'
[0.765s] Level 1:colcon.colcon_core.package_identification:_identify(/root/ws/src) by extensions ['python_setup_py']
[0.765s] Level 1:colcon.colcon_core.package_identification:_identify(/root/ws/src) by extension 'python_setup_py'
[0.765s] Level 1:colcon.colcon_core.package_identification:_identify(/root/ws/src/build) by extensions ['ignore', 'ignore_ament_install']
[0.766s] Level 1:colcon.colcon_core.package_identification:_identify(/root/ws/src/build) by extension 'ignore'
[0.766s] Level 1:colcon.colcon_core.package_identification:_identify(/root/ws/src/build) ignored
[0.766s] Level 1:colcon.colcon_core.package_identification:_identify(/root/ws/src/install) by extensions ['ignore', 'ignore_ament_install']
[0.766s] Level 1:colcon.colcon_core.package_identification:_identify(/root/ws/src/install) by extension 'ignore'
[0.766s] Level 1:colcon.colcon_core.package_identification:_identify(/root/ws/src/install) ignored
[0.766s] Level 1:colcon.colcon_core.package_identification:_identify(/root/ws/src/log) by extensions ['ignore', 'ignore_ament_install']
[0.766s] Level 1:colcon.colcon_core.package_identification:_identify(/root/ws/src/log) by extension 'ignore'
[0.767s] Level 1:colcon.colcon_core.package_identification:_identify(/root/ws/src/log) ignored
[0.767s] Level 1:colcon.colcon_core.package_identification:_identify(/root/ws/src/robot_dd) by extensions ['ignore', 'ignore_ament_install']
[0.767s] Level 1:colcon.colcon_core.package_identification:_identify(/root/ws/src/robot_dd) by extension 'ignore'
[0.767s] Level 1:colcon.colcon_core.package_identification:_identify(/root/ws/src/robot_dd) by extension 'ignore_ament_install'
[0.767s] Level 1:colcon.colcon_core.package_identification:_identify(/root/ws/src/robot_dd) by extensions ['colcon_pkg']
[0.767s] Level 1:colcon.colcon_core.package_identification:_identify(/root/ws/src/robot_dd) by extension 'colcon_pkg'
[0.767s] Level 1:colcon.colcon_core.package_identification:_identify(/root/ws/src/robot_dd) by extensions ['colcon_meta']
[0.767s] Level 1:colcon.colcon_core.package_identification:_identify(/root/ws/src/robot_dd) by extension 'colcon_meta'
[0.767s] Level 1:colcon.colcon_core.package_identification:_identify(/root/ws/src/robot_dd) by extensions ['ros']
[0.768s] Level 1:colcon.colcon_core.package_identification:_identify(/root/ws/src/robot_dd) by extension 'ros'
[0.772s] DEBUG:colcon.colcon_core.package_identification:Package '/root/ws/src/robot_dd' with type 'ros.ament_cmake' and name 'robot_dd'
[0.772s] Level 1:colcon.colcon_core.package_discovery:discover_packages(recursive) using defaults
[0.810s] Level 5:colcon.colcon_core.verb:set package 'robot_dd' build argument 'cmake_args' from command line to '['-DCMAKE_BUILD_TYPE=RelWithDebInfo']'
[0.810s] Level 5:colcon.colcon_core.verb:set package 'robot_dd' build argument 'cmake_target' from command line to 'None'
[0.810s] Level 5:colcon.colcon_core.verb:set package 'robot_dd' build argument 'cmake_target_skip_unavailable' from command line to 'False'
[0.810s] Level 5:colcon.colcon_core.verb:set package 'robot_dd' build argument 'cmake_clean_cache' from command line to 'False'
[0.810s] Level 5:colcon.colcon_core.verb:set package 'robot_dd' build argument 'cmake_clean_first' from command line to 'False'
[0.810s] Level 5:colcon.colcon_core.verb:set package 'robot_dd' build argument 'cmake_force_configure' from command line to 'False'
[0.810s] Level 5:colcon.colcon_core.verb:set package 'robot_dd' build argument 'ament_cmake_args' from command line to 'None'
[0.810s] Level 5:colcon.colcon_core.verb:set package 'robot_dd' build argument 'catkin_cmake_args' from command line to 'None'
[0.810s] Level 5:colcon.colcon_core.verb:set package 'robot_dd' build argument 'catkin_skip_building_tests' from command line to 'False'
[0.810s] DEBUG:colcon.colcon_core.verb:Building package 'robot_dd' with the following arguments: {'ament_cmake_args': None, 'build_base': '/root/ws/src/build/robot_dd', 'catkin_cmake_args': None, 'catkin_skip_building_tests': False, 'cmake_args': ['-DCMAKE_BUILD_TYPE=RelWithDebInfo'], 'cmake_clean_cache': False, 'cmake_clean_first': False, 'cmake_force_configure': False, 'cmake_target': None, 'cmake_target_skip_unavailable': False, 'install_base': '/root/ws/src/install/robot_dd', 'merge_install': False, 'path': '/root/ws/src/robot_dd', 'symlink_install': True, 'test_result_base': None}
[0.811s] INFO:colcon.colcon_core.executor:Executing jobs using 'parallel' executor
[0.832s] DEBUG:colcon.colcon_parallel_executor.executor.parallel:run_until_complete
[0.832s] INFO:colcon.colcon_ros.task.ament_cmake.build:Building ROS package in '/root/ws/src/robot_dd' with build type 'ament_cmake'
[0.832s] INFO:colcon.colcon_cmake.task.cmake.build:Building CMake package in '/root/ws/src/robot_dd'
[0.836s] INFO:colcon.colcon_core.plugin_system:Skipping extension 'colcon_core.shell.bat': Not used on non-Windows systems
[0.836s] INFO:colcon.colcon_core.shell:Skip shell extension 'powershell' for command environment: Not usable outside of PowerShell
[0.836s] DEBUG:colcon.colcon_core.shell:Skip shell extension 'dsv' for command environment
[0.855s] DEBUG:colcon.colcon_core.event_handler.log_command:Invoking command in '/root/ws/src/build/robot_dd': CMAKE_PREFIX_PATH=${CMAKE_PREFIX_PATH}:/opt/ros/humble /usr/bin/cmake /root/ws/src/robot_dd -DCMAKE_BUILD_TYPE=RelWithDebInfo -DAMENT_CMAKE_SYMLINK_INSTALL=1 -DCMAKE_INSTALL_PREFIX=/root/ws/src/install/robot_dd
[2.778s] DEBUG:colcon.colcon_core.event_handler.log_command:Invoked command in '/root/ws/src/build/robot_dd' returned '0': CMAKE_PREFIX_PATH=${CMAKE_PREFIX_PATH}:/opt/ros/humble /usr/bin/cmake /root/ws/src/robot_dd -DCMAKE_BUILD_TYPE=RelWithDebInfo -DAMENT_CMAKE_SYMLINK_INSTALL=1 -DCMAKE_INSTALL_PREFIX=/root/ws/src/install/robot_dd
[2.780s] DEBUG:colcon.colcon_core.event_handler.log_command:Invoking command in '/root/ws/src/build/robot_dd': CMAKE_PREFIX_PATH=${CMAKE_PREFIX_PATH}:/opt/ros/humble /usr/bin/cmake --build /root/ws/src/build/robot_dd -- -j4 -l4
[2.843s] DEBUG:colcon.colcon_core.event_handler.log_command:Invoked command in '/root/ws/src/build/robot_dd' returned '0': CMAKE_PREFIX_PATH=${CMAKE_PREFIX_PATH}:/opt/ros/humble /usr/bin/cmake --build /root/ws/src/build/robot_dd -- -j4 -l4
[2.899s] DEBUG:colcon.colcon_core.event_handler.log_command:Invoking command in '/root/ws/src/build/robot_dd': CMAKE_PREFIX_PATH=${CMAKE_PREFIX_PATH}:/opt/ros/humble /usr/bin/cmake --install /root/ws/src/build/robot_dd
[3.509s] Level 1:colcon.colcon_core.environment:create_environment_scripts_only(robot_dd)
[3.510s] DEBUG:colcon.colcon_core.event_handler.log_command:Invoked command in '/root/ws/src/build/robot_dd' returned '0': CMAKE_PREFIX_PATH=${CMAKE_PREFIX_PATH}:/opt/ros/humble /usr/bin/cmake --install /root/ws/src/build/robot_dd
[3.514s] Level 1:colcon.colcon_core.environment:checking '/root/ws/src/install/robot_dd' for CMake module files
[3.515s] Level 1:colcon.colcon_core.environment:checking '/root/ws/src/install/robot_dd' for CMake config files
[3.516s] Level 1:colcon.colcon_core.shell:create_environment_hook('robot_dd', 'cmake_prefix_path')
[3.517s] INFO:colcon.colcon_core.shell:Creating environment hook '/root/ws/src/install/robot_dd/share/robot_dd/hook/cmake_prefix_path.ps1'
[3.518s] INFO:colcon.colcon_core.shell:Creating environment descriptor '/root/ws/src/install/robot_dd/share/robot_dd/hook/cmake_prefix_path.dsv'
[3.519s] INFO:colcon.colcon_core.shell:Creating environment hook '/root/ws/src/install/robot_dd/share/robot_dd/hook/cmake_prefix_path.sh'
[3.520s] Level 1:colcon.colcon_core.environment:checking '/root/ws/src/install/robot_dd/bin'
[3.520s] Level 1:colcon.colcon_core.environment:checking '/root/ws/src/install/robot_dd/lib/pkgconfig/robot_dd.pc'
[3.523s] Level 1:colcon.colcon_core.environment:checking '/root/ws/src/install/robot_dd/lib/python3.10/site-packages'
[3.524s] Level 1:colcon.colcon_core.environment:checking '/root/ws/src/install/robot_dd/bin'
[3.524s] INFO:colcon.colcon_core.shell:Creating package script '/root/ws/src/install/robot_dd/share/robot_dd/package.ps1'
[3.526s] INFO:colcon.colcon_core.shell:Creating package descriptor '/root/ws/src/install/robot_dd/share/robot_dd/package.dsv'
[3.527s] INFO:colcon.colcon_core.shell:Creating package script '/root/ws/src/install/robot_dd/share/robot_dd/package.sh'
[3.529s] INFO:colcon.colcon_core.shell:Creating package script '/root/ws/src/install/robot_dd/share/robot_dd/package.bash'
[3.530s] INFO:colcon.colcon_core.shell:Creating package script '/root/ws/src/install/robot_dd/share/robot_dd/package.zsh'
[3.531s] Level 1:colcon.colcon_core.environment:create_file_with_runtime_dependencies(/root/ws/src/install/robot_dd/share/colcon-core/packages/robot_dd)
[3.567s] Level 1:colcon.colcon_core.environment:create_environment_scripts_only(robot_dd)
[3.568s] Level 1:colcon.colcon_core.environment:checking '/root/ws/src/install/robot_dd' for CMake module files
[3.569s] Level 1:colcon.colcon_core.environment:checking '/root/ws/src/install/robot_dd' for CMake config files
[3.570s] Level 1:colcon.colcon_core.shell:create_environment_hook('robot_dd', 'cmake_prefix_path')
[3.570s] INFO:colcon.colcon_core.shell:Creating environment hook '/root/ws/src/install/robot_dd/share/robot_dd/hook/cmake_prefix_path.ps1'
[3.571s] INFO:colcon.colcon_core.shell:Creating environment descriptor '/root/ws/src/install/robot_dd/share/robot_dd/hook/cmake_prefix_path.dsv'
[3.571s] INFO:colcon.colcon_core.shell:Creating environment hook '/root/ws/src/install/robot_dd/share/robot_dd/hook/cmake_prefix_path.sh'
[3.572s] Level 1:colcon.colcon_core.environment:checking '/root/ws/src/install/robot_dd/bin'
[3.572s] Level 1:colcon.colcon_core.environment:checking '/root/ws/src/install/robot_dd/lib/pkgconfig/robot_dd.pc'
[3.572s] Level 1:colcon.colcon_core.environment:checking '/root/ws/src/install/robot_dd/lib/python3.10/site-packages'
[3.575s] Level 1:colcon.colcon_core.environment:checking '/root/ws/src/install/robot_dd/bin'
[3.575s] INFO:colcon.colcon_core.shell:Creating package script '/root/ws/src/install/robot_dd/share/robot_dd/package.ps1'
[3.577s] INFO:colcon.colcon_core.shell:Creating package descriptor '/root/ws/src/install/robot_dd/share/robot_dd/package.dsv'
[3.578s] INFO:colcon.colcon_core.shell:Creating package script '/root/ws/src/install/robot_dd/share/robot_dd/package.sh'
[3.579s] INFO:colcon.colcon_core.shell:Creating package script '/root/ws/src/install/robot_dd/share/robot_dd/package.bash'
[3.580s] INFO:colcon.colcon_core.shell:Creating package script '/root/ws/src/install/robot_dd/share/robot_dd/package.zsh'
[3.580s] Level 1:colcon.colcon_core.environment:create_file_with_runtime_dependencies(/root/ws/src/install/robot_dd/share/colcon-core/packages/robot_dd)
[3.581s] DEBUG:colcon.colcon_parallel_executor.executor.parallel:closing loop
[3.581s] DEBUG:colcon.colcon_parallel_executor.executor.parallel:loop closed
[3.582s] DEBUG:colcon.colcon_parallel_executor.executor.parallel:run_until_complete finished with '0'
[3.582s] DEBUG:colcon.colcon_core.event_reactor:joining thread
[3.598s] INFO:colcon.colcon_core.plugin_system:Skipping extension 'colcon_notification.desktop_notification.notify_send': Could not find 'notify-send'
[3.599s] INFO:colcon.colcon_core.plugin_system:Skipping extension 'colcon_notification.desktop_notification.terminal_notifier': Not used on non-Darwin systems
[3.600s] INFO:colcon.colcon_core.plugin_system:Skipping extension 'colcon_notification.desktop_notification.win32': Not used on non-Windows systems
[3.600s] INFO:colcon.colcon_notification.desktop_notification:Sending desktop notification using 'notify2'
[3.604s] DEBUG:colcon.colcon_notification.desktop_notification.notify2:Failed to initialize notify2: org.freedesktop.DBus.Error.Spawn.ExecFailed: /usr/bin/dbus-launch terminated abnormally without any error message
[3.604s] DEBUG:colcon.colcon_core.event_reactor:joined thread
[3.605s] INFO:colcon.colcon_core.shell:Creating prefix script '/root/ws/src/install/local_setup.ps1'
[3.607s] INFO:colcon.colcon_core.shell:Creating prefix util module '/root/ws/src/install/_local_setup_util_ps1.py'
[3.610s] INFO:colcon.colcon_core.shell:Creating prefix chain script '/root/ws/src/install/setup.ps1'
[3.613s] INFO:colcon.colcon_core.shell:Creating prefix script '/root/ws/src/install/local_setup.sh'
[3.614s] INFO:colcon.colcon_core.shell:Creating prefix util module '/root/ws/src/install/_local_setup_util_sh.py'
[3.615s] INFO:colcon.colcon_core.shell:Creating prefix chain script '/root/ws/src/install/setup.sh'
[3.617s] INFO:colcon.colcon_core.shell:Creating prefix script '/root/ws/src/install/local_setup.bash'
[3.620s] INFO:colcon.colcon_core.shell:Creating prefix chain script '/root/ws/src/install/setup.bash'
[3.622s] INFO:colcon.colcon_core.shell:Creating prefix script '/root/ws/src/install/local_setup.zsh'
[3.624s] INFO:colcon.colcon_core.shell:Creating prefix chain script '/root/ws/src/install/setup.zsh'
